c:\users\linneamay\source\repos\mediafoundation\mfplayer2\x64\debug\vc142.pdb
c:\users\linneamay\source\repos\mediafoundation\mfplayer2\x64\debug\vc142.idb
c:\users\linneamay\source\repos\mediafoundation\mfplayer2\x64\debug\audiosessionvolume.obj
c:\users\linneamay\source\repos\mediafoundation\mfplayer2\x64\debug\maindialog.obj
c:\users\linneamay\source\repos\mediafoundation\mfplayer2\x64\debug\player2.obj
c:\users\linneamay\source\repos\mediafoundation\mfplayer2\x64\debug\slider.obj
c:\users\linneamay\source\repos\mediafoundation\mfplayer2\x64\debug\themedbutton.obj
c:\users\linneamay\source\repos\mediafoundation\mfplayer2\x64\debug\winmain.obj
c:\users\linneamay\source\repos\mediafoundation\mfplayer2\x64\debug\mfplayer.ilk
c:\users\linneamay\source\repos\mediafoundation\mf_protectedplayback\x64\debug\mfplayer.exe
c:\users\linneamay\source\repos\mediafoundation\mf_protectedplayback\x64\debug\mfplayer.pdb
c:\users\linneamay\source\repos\mediafoundation\mfplayer2\x64\debug\mfplayer.res
c:\users\linneamay\source\repos\mediafoundation\mfplayer2\x64\debug\mfplayer.tlog\cl.command.1.tlog
c:\users\linneamay\source\repos\mediafoundation\mfplayer2\x64\debug\mfplayer.tlog\cl.read.1.tlog
c:\users\linneamay\source\repos\mediafoundation\mfplayer2\x64\debug\mfplayer.tlog\cl.write.1.tlog
c:\users\linneamay\source\repos\mediafoundation\mfplayer2\x64\debug\mfplayer.tlog\link.command.1.tlog
c:\users\linneamay\source\repos\mediafoundation\mfplayer2\x64\debug\mfplayer.tlog\link.read.1.tlog
c:\users\linneamay\source\repos\mediafoundation\mfplayer2\x64\debug\mfplayer.tlog\link.write.1.tlog
c:\users\linneamay\source\repos\mediafoundation\mfplayer2\x64\debug\mfplayer.tlog\rc.command.1.tlog
c:\users\linneamay\source\repos\mediafoundation\mfplayer2\x64\debug\mfplayer.tlog\rc.read.1.tlog
c:\users\linneamay\source\repos\mediafoundation\mfplayer2\x64\debug\mfplayer.tlog\rc.write.1.tlog
